Log file open, 07/28/18 17:03:11
LogWindows: Failed to load 'aqProf.dll' (GetLastError=126)
LogWindows: File 'aqProf.dll' does not exist
LogWindows: Failed to load 'VtuneApi.dll' (GetLastError=126)
LogWindows: File 'VtuneApi.dll' does not exist
LogWindows: Failed to load 'VtuneApi32e.dll' (GetLastError=126)
LogWindows: File 'VtuneApi32e.dll' does not exist
LogInit: Display: Running engine for game: Elevator_Upgraded
LogPlatformFile: Not using cached read wrapper
LogInit: Display: RandInit(1311772356) SRandInit(1311772356).
LogInit: Read version file with build ID '3944462'
LogInit: Overriding engine version to CL 4033788, compatible CL 3944462
LogInit: Registered custom module enumerator with build ID '3944462'
LogTaskGraph: Started task graph with 5 named threads and 14 total threads with 3 sets of task threads.
LogStats: Stats thread started at 0.176957
LogD3D11RHI: Aftermath initialized
LogICUInternationalization: Display: ICU TimeZone Detection - Raw Offset: +9:00, Platform Override: ''
LogModuleManager: Display: Found up-to-date module file ../../../Engine/Plugins/2D/Paper2D/Binaries/Win64/UE4Editor-Paper2D.dll (API version 3944462).
LogModuleManager: Display: Found up-to-date module file ../../../Engine/Plugins/2D/Paper2D/Binaries/Win64/UE4Editor-Paper2DEditor.dll (API version 3944462).
LogModuleManager: Display: Found up-to-date module file ../../../Engine/Plugins/2D/Paper2D/Binaries/Win64/UE4Editor-PaperSpriteSheetImporter.dll (API version 3944462).
LogModuleManager: Display: Found up-to-date module file ../../../Engine/Plugins/2D/Paper2D/Binaries/Win64/UE4Editor-PaperTiledImporter.dll (API version 3944462).
LogModuleManager: Display: Found up-to-date module file ../../../Engine/Plugins/2D/Paper2D/Binaries/Win64/UE4Editor-SmartSnapping.dll (API version 3944462).
LogModuleManager: Display: Found up-to-date module file ../../../Engine/Plugins/Blendables/LightPropagationVolume/Binaries/Win64/UE4Editor-LightPropagationVolumeRuntime.dll (API version 3944462).
LogModuleManager: Display: Found up-to-date module file ../../../Engine/Plugins/Blendables/LightPropagationVolume/Binaries/Win64/UE4Editor-LightPropagationVolumeEditor.dll (API version 3944462).
LogModuleManager: Display: Found up-to-date module file ../../../Engine/Plugins/Developer/CLionSourceCodeAccess/Binaries/Win64/UE4Editor-CLionSourceCodeAccess.dll (API version 3944462).
LogModuleManager: Display: Found up-to-date module file ../../../Engine/Plugins/Developer/GitSourceControl/Binaries/Win64/UE4Editor-GitSourceControl.dll (API version 3944462).
LogModuleManager: Display: Found up-to-date module file ../../../Engine/Plugins/Developer/PerforceSourceControl/Binaries/Win64/UE4Editor-PerforceSourceControl.dll (API version 3944462).
LogModuleManager: Display: Found up-to-date module file ../../../Engine/Plugins/Developer/SubversionSourceControl/Binaries/Win64/UE4Editor-SubversionSourceControl.dll (API version 3944462).
LogModuleManager: Display: Found up-to-date module file ../../../Engine/Plugins/Developer/UObjectPlugin/Binaries/Win64/UE4Editor-UObjectPlugin.dll (API version 3944462).
LogModuleManager: Display: Found up-to-date module file ../../../Engine/Plugins/Developer/VisualStudioCodeSourceCodeAccess/Binaries/Win64/UE4Editor-VisualStudioCodeSourceCodeAccess.dll (API version 3944462).
LogModuleManager: Display: Found up-to-date module file ../../../Engine/Plugins/Developer/VisualStudioSourceCodeAccess/Binaries/Win64/UE4Editor-VisualStudioSourceCodeAccess.dll (API version 3944462).
LogModuleManager: Display: Found up-to-date module file ../../../Engine/Plugins/Editor/AssetManagerEditor/Binaries/Win64/UE4Editor-AssetManagerEditor.dll (API version 3944462).
LogModuleManager: Display: Found up-to-date module file ../../../Engine/Plugins/Editor/CryptoKeys/Binaries/Win64/UE4Editor-CryptoKeys.dll (API version 3944462).
LogModuleManager: Display: Found up-to-date module file ../../../Engine/Plugins/Editor/CryptoKeys/Binaries/Win64/UE4Editor-CryptoKeysOpenSSL.dll (API version 3944462).
LogModuleManager: Display: Found up-to-date module file ../../../Engine/Plugins/Editor/DataValidation/Binaries/Win64/UE4Editor-DataValidation.dll (API version 3944462).
LogModuleManager: Display: Found up-to-date module file ../../../Engine/Plugins/Editor/FacialAnimation/Binaries/Win64/UE4Editor-FacialAnimation.dll (API version 3944462).
LogModuleManager: Display: Found up-to-date module file ../../../Engine/Plugins/Editor/FacialAnimation/Binaries/Win64/UE4Editor-FacialAnimationEditor.dll (API version 3944462).
LogModuleManager: Display: Found up-to-date module file ../../../Engine/Plugins/Editor/GameplayTagsEditor/Binaries/Win64/UE4Editor-GameplayTagsEditor.dll (API version 3944462).
LogModuleManager: Display: Found up-to-date module file ../../../Engine/Plugins/Editor/MobileLauncherProfileWizard/Binaries/Win64/UE4Editor-MobileLauncherProfileWizard.dll (API version 3944462).
LogModuleManager: Display: Found up-to-date module file ../../../Engine/Plugins/Editor/PluginBrowser/Binaries/Win64/UE4Editor-PluginBrowser.dll (API version 3944462).
LogModuleManager: Display: Found up-to-date module file ../../../Engine/Plugins/Editor/SpeedTreeImporter/Binaries/Win64/UE4Editor-SpeedTreeImporter.dll (API version 3944462).
LogModuleManager: Display: Found up-to-date module file ../../../Engine/Plugins/Enterprise/DatasmithContent/Binaries/Win64/UE4Editor-DatasmithContent.dll (API version 3944462).
LogModuleManager: Display: Found up-to-date module file ../../../Engine/Plugins/Experimental/AlembicImporter/Binaries/Win64/UE4Editor-AlembicImporter.dll (API version 3944462).
LogModuleManager: Display: Found up-to-date module file ../../../Engine/Plugins/Experimental/AlembicImporter/Binaries/Win64/UE4Editor-AlembicLibrary.dll (API version 3944462).
LogModuleManager: Display: Found up-to-date module file ../../../Engine/Plugins/Experimental/CharacterAI/Binaries/Win64/UE4Editor-CharacterAI.dll (API version 3944462).
LogModuleManager: Display: Found up-to-date module file ../../../Engine/Plugins/Experimental/HTML5Networking/Binaries/Win64/UE4Editor-HTML5Networking.dll (API version 3944462).
LogModuleManager: Display: Found up-to-date module file ../../../Engine/Plugins/Media/AndroidMedia/Binaries/Win64/UE4Editor-AndroidMediaEditor.dll (API version 3944462).
LogModuleManager: Display: Found up-to-date module file ../../../Engine/Plugins/Media/AndroidMedia/Binaries/Win64/UE4Editor-AndroidMediaFactory.dll (API version 3944462).
LogModuleManager: Display: Found up-to-date module file ../../../Engine/Plugins/Media/AvfMedia/Binaries/Win64/UE4Editor-AvfMediaEditor.dll (API version 3944462).
LogModuleManager: Display: Found up-to-date module file ../../../Engine/Plugins/Media/AvfMedia/Binaries/Win64/UE4Editor-AvfMediaFactory.dll (API version 3944462).
LogModuleManager: Display: Found up-to-date module file ../../../Engine/Plugins/Media/AvfMedia/Binaries/Win64/UE4Editor-AvfMediaFactory.dll (API version 3944462).
LogModuleManager: Display: Found up-to-date module file ../../../Engine/Plugins/Media/ImgMedia/Binaries/Win64/UE4Editor-ImgMedia.dll (API version 3944462).
LogModuleManager: Display: Found up-to-date module file ../../../Engine/Plugins/Media/ImgMedia/Binaries/Win64/UE4Editor-ImgMediaEditor.dll (API version 3944462).
LogModuleManager: Display: Found up-to-date module file ../../../Engine/Plugins/Media/ImgMedia/Binaries/Win64/UE4Editor-ImgMediaFactory.dll (API version 3944462).
LogModuleManager: Display: Found up-to-date module file ../../../Engine/Plugins/Media/ImgMedia/Binaries/Win64/UE4Editor-ImgMediaFactory.dll (API version 3944462).
LogModuleManager: Display: Found up-to-date module file ../../../Engine/Plugins/Media/ImgMedia/Binaries/Win64/UE4Editor-OpenExrWrapper.dll (API version 3944462).
LogModuleManager: Display: Found up-to-date module file ../../../Engine/Plugins/Media/LinearTimecode/Binaries/Win64/UE4Editor-LinearTimecode.dll (API version 3944462).
LogModuleManager: Display: Found up-to-date module file ../../../Engine/Plugins/Media/MediaCompositing/Binaries/Win64/UE4Editor-MediaCompositing.dll (API version 3944462).
LogModuleManager: Display: Found up-to-date module file ../../../Engine/Plugins/Media/MediaCompositing/Binaries/Win64/UE4Editor-MediaCompositingEditor.dll (API version 3944462).
LogModuleManager: Display: Found up-to-date module file ../../../Engine/Plugins/Media/MediaPlayerEditor/Binaries/Win64/UE4Editor-MediaPlayerEditor.dll (API version 3944462).
LogModuleManager: Display: Found up-to-date module file ../../../Engine/Plugins/Media/WmfMedia/Binaries/Win64/UE4Editor-WmfMedia.dll (API version 3944462).
LogModuleManager: Display: Found up-to-date module file ../../../Engine/Plugins/Media/WmfMedia/Binaries/Win64/UE4Editor-WmfMediaEditor.dll (API version 3944462).
LogModuleManager: Display: Found up-to-date module file ../../../Engine/Plugins/Media/WmfMedia/Binaries/Win64/UE4Editor-WmfMediaFactory.dll (API version 3944462).
LogModuleManager: Display: Found up-to-date module file ../../../Engine/Plugins/Media/WmfMedia/Binaries/Win64/UE4Editor-WmfMediaFactory.dll (API version 3944462).
LogModuleManager: Display: Found up-to-date module file ../../../Engine/Plugins/Messaging/TcpMessaging/Binaries/Win64/UE4Editor-TcpMessaging.dll (API version 3944462).
LogModuleManager: Display: Found up-to-date module file ../../../Engine/Plugins/Messaging/UdpMessaging/Binaries/Win64/UE4Editor-UdpMessaging.dll (API version 3944462).
LogModuleManager: Display: Found up-to-date module file ../../../Engine/Plugins/MovieScene/ActorSequence/Binaries/Win64/UE4Editor-ActorSequence.dll (API version 3944462).
LogModuleManager: Display: Found up-to-date module file ../../../Engine/Plugins/MovieScene/LevelSequenceEditor/Binaries/Win64/UE4Editor-LevelSequenceEditor.dll (API version 3944462).
LogModuleManager: Display: Found up-to-date module file ../../../Engine/Plugins/MovieScene/MatineeToLevelSequence/Binaries/Win64/UE4Editor-MatineeToLevelSequence.dll (API version 3944462).
LogModuleManager: Display: Found up-to-date module file ../../../Engine/Plugins/NetcodeUnitTest/NetcodeUnitTest/Binaries/Win64/UE4Editor-NetcodeUnitTest.dll (API version 3944462).
LogModuleManager: Display: Found up-to-date module file ../../../Engine/Plugins/NetcodeUnitTest/NUTUnrealEngine4/Binaries/Win64/UE4Editor-NUTUnrealEngine4.dll (API version 3944462).
LogModuleManager: Display: Found up-to-date module file ../../../Engine/Plugins/Online/OnlineSubsystem/Binaries/Win64/UE4Editor-OnlineSubsystem.dll (API version 3944462).
LogModuleManager: Display: Found up-to-date module file ../../../Engine/Plugins/Runtime/AndroidPermission/Binaries/Win64/UE4Editor-AndroidPermission.dll (API version 3944462).
LogModuleManager: Display: Found up-to-date module file ../../../Engine/Plugins/Online/OnlineSubsystemNull/Binaries/Win64/UE4Editor-OnlineSubsystemNull.dll (API version 3944462).
LogModuleManager: Display: Found up-to-date module file ../../../Engine/Plugins/Online/OnlineSubsystemUtils/Binaries/Win64/UE4Editor-OnlineSubsystemUtils.dll (API version 3944462).
LogModuleManager: Display: Found up-to-date module file ../../../Engine/Plugins/Online/OnlineSubsystemUtils/Binaries/Win64/UE4Editor-OnlineBlueprintSupport.dll (API version 3944462).
LogModuleManager: Display: Found up-to-date module file ../../../Engine/Plugins/Runtime/AndroidDeviceProfileSelector/Binaries/Win64/UE4Editor-AndroidDeviceProfileSelector.dll (API version 3944462).
LogModuleManager: Display: Found up-to-date module file ../../../Engine/Plugins/Runtime/AppleARKit/Binaries/Win64/UE4Editor-AppleARKit.dll (API version 3944462).
LogModuleManager: Display: Found up-to-date module file ../../../Engine/Plugins/Runtime/ProceduralMeshComponent/Binaries/Win64/UE4Editor-ProceduralMeshComponent.dll (API version 3944462).
LogModuleManager: Display: Found up-to-date module file ../../../Engine/Plugins/Runtime/ProceduralMeshComponent/Binaries/Win64/UE4Editor-ProceduralMeshComponentEditor.dll (API version 3944462).
LogModuleManager: Display: Found up-to-date module file ../../../Engine/Plugins/Animation/LiveLink/Binaries/Win64/UE4Editor-LiveLink.dll (API version 3944462).
LogModuleManager: Display: Found up-to-date module file ../../../Engine/Plugins/Animation/LiveLink/Binaries/Win64/UE4Editor-LiveLinkEditor.dll (API version 3944462).
LogModuleManager: Display: Found up-to-date module file ../../../Engine/Plugins/Runtime/ArchVisCharacter/Binaries/Win64/UE4Editor-ArchVisCharacter.dll (API version 3944462).
LogModuleManager: Display: Found up-to-date module file ../../../Engine/Plugins/Runtime/AudioCapture/Binaries/Win64/UE4Editor-AudioCapture.dll (API version 3944462).
LogModuleManager: Display: Found up-to-date module file ../../../Engine/Plugins/Runtime/AudioCapture/Binaries/Win64/UE4Editor-AudioCaptureEditor.dll (API version 3944462).
LogModuleManager: Display: Found up-to-date module file ../../../Engine/Plugins/Runtime/CableComponent/Binaries/Win64/UE4Editor-CableComponent.dll (API version 3944462).
LogModuleManager: Display: Found up-to-date module file ../../../Engine/Plugins/Runtime/CustomMeshComponent/Binaries/Win64/UE4Editor-CustomMeshComponent.dll (API version 3944462).
LogModuleManager: Display: Found up-to-date module file ../../../Engine/Plugins/Runtime/ExampleDeviceProfileSelector/Binaries/Win64/UE4Editor-ExampleDeviceProfileSelector.dll (API version 3944462).
LogModuleManager: Display: Found up-to-date module file ../../../Engine/Plugins/Runtime/ImmediatePhysics/Binaries/Win64/UE4Editor-ImmediatePhysics.dll (API version 3944462).
LogModuleManager: Display: Found up-to-date module file ../../../Engine/Plugins/Runtime/ImmediatePhysics/Binaries/Win64/UE4Editor-ImmediatePhysicsEditor.dll (API version 3944462).
LogModuleManager: Display: Found up-to-date module file ../../../Engine/Plugins/Runtime/LocationServicesBPLibrary/Binaries/Win64/UE4Editor-LocationServicesBPLibrary.dll (API version 3944462).
LogModuleManager: Display: Found up-to-date module file ../../../Engine/Plugins/Runtime/MobilePatchingUtils/Binaries/Win64/UE4Editor-MobilePatchingUtils.dll (API version 3944462).
LogModuleManager: Display: Found up-to-date module file ../../../Engine/Plugins/Runtime/Oculus/OculusVR/Binaries/Win64/UE4Editor-OculusHMD.dll (API version 3944462).
LogModuleManager: Display: Found up-to-date module file ../../../Engine/Plugins/Runtime/Oculus/OculusVR/Binaries/Win64/UE4Editor-OculusInput.dll (API version 3944462).
LogModuleManager: Display: Found up-to-date module file ../../../Engine/Plugins/Runtime/Oculus/OculusVR/Binaries/Win64/UE4Editor-OculusEditor.dll (API version 3944462).
LogModuleManager: Display: Found up-to-date module file ../../../Engine/Plugins/Runtime/PhysXVehicles/Binaries/Win64/UE4Editor-PhysXVehicles.dll (API version 3944462).
LogModuleManager: Display: Found up-to-date module file ../../../Engine/Plugins/Runtime/PhysXVehicles/Binaries/Win64/UE4Editor-PhysXVehiclesEditor.dll (API version 3944462).
LogModuleManager: Display: Found up-to-date module file ../../../Engine/Plugins/Runtime/RuntimePhysXCooking/Binaries/Win64/UE4Editor-RuntimePhysXCooking.dll (API version 3944462).
LogModuleManager: Display: Found up-to-date module file ../../../Engine/Plugins/Runtime/Steam/SteamVR/Binaries/Win64/UE4Editor-SteamVR.dll (API version 3944462).
LogModuleManager: Display: Found up-to-date module file ../../../Engine/Plugins/Runtime/Steam/SteamVR/Binaries/Win64/UE4Editor-SteamVRController.dll (API version 3944462).
LogModuleManager: Display: Found up-to-date module file ../../../Engine/Plugins/Runtime/WindowsMoviePlayer/Binaries/Win64/UE4Editor-WindowsMoviePlayer.dll (API version 3944462).
LogPluginManager: Mounting plugin Paper2D
LogPluginManager: Mounting plugin LiveLink
LogPluginManager: Mounting plugin LightPropagationVolume
LogPluginManager: Mounting plugin CLionSourceCodeAccess
LogPluginManager: Mounting plugin CodeLiteSourceCodeAccess
LogPluginManager: Mounting plugin GitSourceControl
LogPluginManager: Mounting plugin KDevelopSourceCodeAccess
LogPluginManager: Mounting plugin NullSourceCodeAccess
LogPluginManager: Mounting plugin PerforceSourceControl
LogPluginManager: Mounting plugin SubversionSourceControl
LogPluginManager: Mounting plugin UObjectPlugin
LogPluginManager: Mounting plugin VisualStudioCodeSourceCodeAccess
LogPluginManager: Mounting plugin VisualStudioSourceCodeAccess
LogPluginManager: Mounting plugin XCodeSourceCodeAccess
LogPluginManager: Mounting plugin AssetManagerEditor
LogPluginManager: Mounting plugin CryptoKeys
LogPluginManager: Mounting plugin DataValidation
LogPluginManager: Mounting plugin FacialAnimation
LogPluginManager: Mounting plugin GameplayTagsEditor
LogPluginManager: Mounting plugin MobileLauncherProfileWizard
LogPluginManager: Mounting plugin PluginBrowser
LogPluginManager: Mounting plugin SpeedTreeImporter
LogPluginManager: Mounting plugin DatasmithContent
LogPluginManager: Mounting plugin AlembicImporter
LogPluginManager: Mounting plugin CharacterAI
LogPluginManager: Mounting plugin HTML5Networking
LogPluginManager: Mounting plugin AndroidMedia
LogPluginManager: Mounting plugin AvfMedia
LogPluginManager: Mounting plugin ImgMedia
LogPluginManager: Mounting plugin LinearTimecode
LogPluginManager: Mounting plugin MediaCompositing
LogPluginManager: Mounting plugin MediaPlayerEditor
LogPluginManager: Mounting plugin WmfMedia
LogPluginManager: Mounting plugin TcpMessaging
LogPluginManager: Mounting plugin UdpMessaging
LogPluginManager: Mounting plugin ActorSequence
LogPluginManager: Mounting plugin LevelSequenceEditor
LogPluginManager: Mounting plugin MatineeToLevelSequence
LogPluginManager: Mounting plugin NetcodeUnitTest
LogPluginManager: Mounting plugin NUTUnrealEngine4
LogPluginManager: Mounting plugin OnlineSubsystemGooglePlay
LogPluginManager: Mounting plugin OnlineSubsystemIOS
LogPluginManager: Mounting plugin OnlineSubsystem
LogPluginManager: Mounting plugin OnlineSubsystemNull
LogPluginManager: Mounting plugin OnlineSubsystemUtils
LogPluginManager: Mounting plugin AndroidDeviceProfileSelector
LogPluginManager: Mounting plugin AndroidMoviePlayer
LogPluginManager: Mounting plugin AndroidPermission
LogPluginManager: Mounting plugin AppleARKit
LogPluginManager: Mounting plugin AppleMoviePlayer
LogPluginManager: Mounting plugin ArchVisCharacter
LogPluginManager: Mounting plugin AudioCapture
LogPluginManager: Mounting plugin CableComponent
LogPluginManager: Mounting plugin CustomMeshComponent
LogPluginManager: Mounting plugin ExampleDeviceProfileSelector
LogPluginManager: Mounting plugin GoogleCloudMessaging
LogPluginManager: Mounting plugin ImmediatePhysics
LogPluginManager: Mounting plugin IOSDeviceProfileSelector
LogPluginManager: Mounting plugin LinuxDeviceProfileSelector
LogPluginManager: Mounting plugin LocationServicesBPLibrary
LogPluginManager: Mounting plugin MobilePatchingUtils
LogPluginManager: Mounting plugin OculusVR
LogPluginManager: Plugin shader directory ../../../Engine/Plugins/Runtime/Oculus/OculusVR/Shaders found
LogPluginManager: Mapping shader source directory ../../../Engine/Plugins/Runtime/Oculus/OculusVR/Shaders to virtual directory /Plugin/OculusVR
LogPluginManager: Mounting plugin PhysXVehicles
LogPluginManager: Mounting plugin ProceduralMeshComponent
LogPluginManager: Mounting plugin RuntimePhysXCooking
LogPluginManager: Mounting plugin SteamVR
LogPluginManager: Mounting plugin WindowsMoviePlayer
LogStreaming: Display: Took  0.991s to configure plugins.
LogInit: Using libcurl 7.47.1
LogInit:  - built for x86_64-pc-win32
LogInit:  - supports SSL with OpenSSL/1.0.2g
LogInit:  - supports HTTP deflate (compression) using libz 1.2.8
LogInit:  - other features:
LogInit:      CURL_VERSION_SSL
LogInit:      CURL_VERSION_LIBZ
LogInit:      CURL_VERSION_IPV6
LogInit:      CURL_VERSION_ASYNCHDNS
LogInit:      CURL_VERSION_LARGEFILE
LogInit:      CURL_VERSION_IDN
LogInit:  CurlRequestOptions (configurable via config and command line):
LogInit:  - bVerifyPeer = false  - Libcurl will NOT verify peer certificate
LogInit:  - bUseHttpProxy = false  - Libcurl will NOT use HTTP proxy
LogInit:  - bDontReuseConnections = false  - Libcurl will reuse connections
LogInit:  - CertBundlePath = nullptr  - Libcurl will use whatever was configured at build time.
LogInit:  - MaxHostConnections = 16  - Libcurl will limit the number of connections to a host
LogInit:  - LocalHostAddr = Default
LogInit: WinSock: version 1.1 (2.2), MaxSocks=32767, MaxUdp=65467
LogInit: WinSock: I am JOONHO (118.34.253.132:0)
LogInit: Build: ++UE4+Release-4.19-CL-4033788
LogInit: Engine Version: 4.19.2-4033788+++UE4+Release-4.19
LogInit: Compatible Engine Version: 4.19.0-3944462+++UE4+Release-4.19
LogInit: Net CL: 3944462
LogDevObjectVersion: Number of dev versions registered: 18
LogDevObjectVersion:   Dev-Blueprints (B0D832E4-1F89-4F0D-ACCF-7EB736FD4AA2): 10
LogDevObjectVersion:   Dev-Build (E1C64328-A22C-4D53-A36C-8E866417BD8C): 0
LogDevObjectVersion:   Dev-Core (375EC13C-06E4-48FB-B500-84F0262A717E): 2
LogDevObjectVersion:   Dev-Editor (E4B068ED-F494-42E9-A231-DA0B2E46BB41): 23
LogDevObjectVersion:   Dev-Framework (CFFC743F-43B0-4480-9391-14DF171D2073): 33
LogDevObjectVersion:   Dev-Mobile (B02B49B5-BB20-44E9-A304-32B752E40360): 2
LogDevObjectVersion:   Dev-Networking (A4E4105C-59A1-49B5-A7C5-40C4547EDFEE): 0
LogDevObjectVersion:   Dev-Online (39C831C9-5AE6-47DC-9A44-9C173E1C8E7C): 0
LogDevObjectVersion:   Dev-Physics (78F01B33-EBEA-4F98-B9B4-84EACCB95AA2): 0
LogDevObjectVersion:   Dev-Platform (6631380F-2D4D-43E0-8009-CF276956A95A): 0
LogDevObjectVersion:   Dev-Rendering (12F88B9F-8875-4AFC-A67C-D90C383ABD29): 25
LogDevObjectVersion:   Dev-Sequencer (7B5AE74C-D270-4C10-A958-57980B212A5A): 6
LogDevObjectVersion:   Dev-VR (D7296918-1DD6-4BDD-9DE2-64A83CC13884): 1
LogDevObjectVersion:   Dev-LoadTimes (C2A15278-BFE7-4AFE-6C17-90FF531DF755): 1
LogDevObjectVersion:   Private-Geometry (6EACA3D4-40EC-4CC1-B786-8BED09428FC5): 2
LogDevObjectVersion:   Dev-AnimPhys (29E575DD-E0A3-4627-9D10-D276232CDCEA): 16
LogDevObjectVersion:   Dev-ReflectionCapture (6B266CEC-1EC7-4B8F-A30B-E4D90942FC07): 1
LogDevObjectVersion:   Dev-Automation (0DF73D61-A23F-47EA-B727-89E90C41499A): 1
LogInit: Compiled (64-bit): Apr 27 2018 02:06:57
LogInit: Compiled with Visual C++: 19.00.24215.01
LogInit: Build Configuration: Development
LogInit: Branch Name: ++UE4+Release-4.19
LogInit: Command Line:  
LogInit: Base Directory: C:/Program Files/Epic Games/UE_4.19/Engine/Binaries/Win64/
LogInit: Installed Engine Build: 1
LogStreaming: Display: Took  0.002s to delete old logs.
LogInit: Presizing for max 8388607 objects, including 0 objects not considered by GC, pre-allocating 0 bytes for permanent pool.
LogInit: Object subsystem initialized
[2018.07.28-08.03.12:857][  0]LogInit: Selected Device Profile: [Windows]
[2018.07.28-08.03.12:857][  0]LogInit: Applying CVar settings loaded from the selected device profile: [Windows]
[2018.07.28-08.03.12:870][  0]LogInit: Computer: JOONHO
[2018.07.28-08.03.12:870][  0]LogInit: User: yeshj
[2018.07.28-08.03.12:870][  0]LogInit: CPU Page size=4096, Cores=4
[2018.07.28-08.03.12:870][  0]LogInit: High frequency timer resolution =3.416976 MHz
[2018.07.28-08.03.12:870][  0]LogMemory: Memory total: Physical=11.9GB (12GB approx)
[2018.07.28-08.03.12:870][  0]LogMemory: Platform Memory Stats for Windows
[2018.07.28-08.03.12:870][  0]LogMemory: Process Physical Memory: 273.28 MB used, 273.28 MB peak
[2018.07.28-08.03.12:870][  0]LogMemory: Process Virtual Memory: 269.85 MB used, 269.85 MB peak
[2018.07.28-08.03.12:870][  0]LogMemory: Physical Memory: 3119.08 MB used,  9087.99 MB free, 12207.07 MB total
[2018.07.28-08.03.12:870][  0]LogMemory: Virtual Memory: 4784.07 MB used,  9087.99 MB free, 134217728.00 MB total
[2018.07.28-08.03.12:887][  0]LogInit: Using OS detected language (ko-KR).
[2018.07.28-08.03.12:887][  0]LogInit: Using OS detected locale (ko-KR).
[2018.07.28-08.03.12:890][  0]LogTextLocalizationManager: No specific localization for 'ko-KR' exists, so the 'ko' localization will be used.
[2018.07.28-08.03.13:295][  0]LogStreaming: Display: Took  0.408s to EndInitTextLocalization.
[2018.07.28-08.03.13:295][  0]LogInit: Setting process to per monitor DPI aware
[2018.07.28-08.03.13:332][  0]LogSlate: New Slate User Created.  User Index 0, Is Virtual User: 0
[2018.07.28-08.03.13:332][  0]LogSlate: Slate User Registered.  User Index 0, Is Virtual User: 0
[2018.07.28-08.03.13:505][  0]LogD3D11RHI: D3D11 adapters:
[2018.07.28-08.03.13:554][  0]LogD3D11RHI:    0. 'NVIDIA GeForce GTX 1060 6GB' (Feature Level 11_0)
[2018.07.28-08.03.13:554][  0]LogD3D11RHI:       6052/0/6103 MB DedicatedVideo/DedicatedSystem/SharedSystem, Outputs:2, VendorId:0x10de
[2018.07.28-08.03.13:556][  0]LogD3D11RHI:    1. 'Microsoft Basic Render Driver' (Feature Level 11_0)
[2018.07.28-08.03.13:556][  0]LogD3D11RHI:       0/0/6103 MB DedicatedVideo/DedicatedSystem/SharedSystem, Outputs:0, VendorId:0x1414
[2018.07.28-08.03.13:556][  0]LogD3D11RHI: Chosen D3D11 Adapter: 0
[2018.07.28-08.03.13:561][  0]LogD3D11RHI: Creating new Direct3DDevice
[2018.07.28-08.03.13:561][  0]LogD3D11RHI:     GPU DeviceId: 0x1c03 (for the marketing name, search the web for "GPU Device Id")
[2018.07.28-08.03.13:561][  0]LogWindows: EnumDisplayDevices:
[2018.07.28-08.03.13:561][  0]LogWindows:    0. 'NVIDIA GeForce GTX 1060 6GB' (P:0 D:1)
[2018.07.28-08.03.13:561][  0]LogWindows:    1. 'NVIDIA GeForce GTX 1060 6GB' (P:1 D:1)
[2018.07.28-08.03.13:561][  0]LogWindows:    2. 'NVIDIA GeForce GTX 1060 6GB' (P:0 D:0)
[2018.07.28-08.03.13:561][  0]LogWindows:    3. 'NVIDIA GeForce GTX 1060 6GB' (P:0 D:0)
[2018.07.28-08.03.13:561][  0]LogWindows: DebugString: GetVideoDriverDetailsInvalid PrimaryIsNotTheChoosenAdapter GetVideoDriverDetailsInvalid PrimaryIsNotTheChoosenAdapter GetVideoDriverDetailsInvalid PrimaryIsNotTheChoosenAdapter GetVideoDriverDetailsInvalid PrimaryIsNotTheChoosenAdapter FoundDriverCount:0 
[2018.07.28-08.03.13:561][  0]LogD3D11RHI:     Adapter Name: NVIDIA GeForce GTX 1060 6GB
[2018.07.28-08.03.13:561][  0]LogD3D11RHI:   Driver Version: Unknown (internal:Unknown, unified:Unknown)
[2018.07.28-08.03.13:561][  0]LogD3D11RHI:      Driver Date: Unknown
[2018.07.28-08.03.13:561][  0]LogRHI: Texture pool is 4236 MB (70% of 6052 MB)
[2018.07.28-08.03.13:593][  0]LogD3D11RHI: [Aftermath] Aftermath enabled and primed
[2018.07.28-08.03.13:593][  0]LogD3D11RHI: [Aftermath] Aftermath enabled and primed
[2018.07.28-08.03.13:593][  0]LogD3D11RHI: Async texture creation enabled
[2018.07.28-08.03.13:628][  0]LogD3D11RHI: GPU Timing Frequency: 1000.000000 (Debug: 2 2)
[2018.07.28-08.03.13:678][  0]LogShaderCompilers: Guid format shader working directory is -37 characters bigger than the processId version (../../../../../../Users/yeshj/Desktop/폴더들/Unreal Engine 4 Project/Elevator_Upgraded/Intermediate/Shaders/WorkingDirectory/5468/).
[2018.07.28-08.03.13:678][  0]LogShaderCompilers: Cleaned the shader compiler working directory 'C:/Users/yeshj/AppData/Local/Temp/UnrealShaderWorkingDir/5CA1FA724520116B589F9B8C7DADD86E/'.
[2018.07.28-08.03.13:876][  0]LogTemp: Display: Loaded TP AllDesktopTargetPlatform
[2018.07.28-08.03.13:889][  0]LogTemp: Display: Loaded TP MacClientTargetPlatform
[2018.07.28-08.03.13:902][  0]LogTemp: Display: Loaded TP MacNoEditorTargetPlatform
[2018.07.28-08.03.13:915][  0]LogTemp: Display: Loaded TP MacServerTargetPlatform
[2018.07.28-08.03.13:928][  0]LogTemp: Display: Loaded TP MacTargetPlatform
[2018.07.28-08.03.13:940][  0]LogTemp: Display: Loaded TP WindowsClientTargetPlatform
[2018.07.28-08.03.13:953][  0]LogTemp: Display: Loaded TP WindowsNoEditorTargetPlatform
[2018.07.28-08.03.13:967][  0]LogTemp: Display: Loaded TP WindowsServerTargetPlatform
[2018.07.28-08.03.13:974][  0]LogTemp: Display: Loaded TP WindowsTargetPlatform
[2018.07.28-08.03.13:986][  0]LogTemp: Display: Loaded TP Android_ASTCTargetPlatform
[2018.07.28-08.03.13:997][  0]LogTemp: Display: Loaded TP Android_ATCTargetPlatform
[2018.07.28-08.03.14:008][  0]LogTemp: Display: Loaded TP Android_DXTTargetPlatform
[2018.07.28-08.03.14:020][  0]LogTemp: Display: Loaded TP Android_ETC1aTargetPlatform
[2018.07.28-08.03.14:032][  0]LogTemp: Display: Loaded TP Android_ETC1TargetPlatform
[2018.07.28-08.03.14:044][  0]LogTemp: Display: Loaded TP Android_ETC2TargetPlatform
[2018.07.28-08.03.14:068][  0]LogTemp: Display: Loaded TP Android_MultiTargetPlatform
[2018.07.28-08.03.14:068][  0]LogTemp: Display: Loaded TP Android_PVRTCTargetPlatform
[2018.07.28-08.03.14:080][  0]LogTemp: Display: Loaded TP AndroidTargetPlatform
[2018.07.28-08.03.14:081][  0]LogTemp: Display: Loaded TP HTML5TargetPlatform
[2018.07.28-08.03.14:118][  0]LogTemp: Display: Loaded TP IOSTargetPlatform
[2018.07.28-08.03.14:129][  0]LogTemp: Display: Loaded TP TVOSTargetPlatform
[2018.07.28-08.03.14:140][  0]LogTemp: Display: Loaded TP LinuxClientTargetPlatform
[2018.07.28-08.03.14:152][  0]LogTemp: Display: Loaded TP LinuxNoEditorTargetPlatform
[2018.07.28-08.03.14:164][  0]LogTemp: Display: Loaded TP LinuxServerTargetPlatform
[2018.07.28-08.03.14:176][  0]LogTemp: Display: Loaded TP LinuxTargetPlatform
[2018.07.28-08.03.14:176][  0]LogTargetPlatformManager: Display: Building Assets For Windows
[2018.07.28-08.03.14:280][  0]LogXGEController: Cannot use XGE Controller as Incredibuild is not installed on this machine.
[2018.07.28-08.03.14:280][  0]LogShaderCompilers: Cannot use XGE Shader Compiler as Incredibuild is not installed on this machine.
[2018.07.28-08.03.14:280][  0]LogShaderCompilers: Display: Using Local Shader Compiler.
[2018.07.28-08.03.14:956][  0]LogDerivedDataCache: Display: Max Cache Size: 512 MB
[2018.07.28-08.03.15:059][  0]LogDerivedDataCache: Loaded boot cache 0.10s 80MB C:/Users/yeshj/AppData/Local/UnrealEngine/4.19/DerivedDataCache/Boot.ddc.
[2018.07.28-08.03.15:059][  0]LogDerivedDataCache: Display: Loaded Boot cache: C:/Users/yeshj/AppData/Local/UnrealEngine/4.19/DerivedDataCache/Boot.ddc
[2018.07.28-08.03.15:060][  0]LogDerivedDataCache: FDerivedDataBackendGraph:  Pak pak cache file ../../../../../../Users/yeshj/Desktop/폴더들/Unreal Engine 4 Project/Elevator_Upgraded/DerivedDataCache/DDC.ddp not found, will not use a pak cache.
[2018.07.28-08.03.15:060][  0]LogDerivedDataCache: Unable to find inner node Pak for hierarchical cache Hierarchy.
[2018.07.28-08.03.15:060][  0]LogDerivedDataCache: FDerivedDataBackendGraph:  CompressedPak pak cache file ../../../../../../Users/yeshj/Desktop/폴더들/Unreal Engine 4 Project/Elevator_Upgraded/DerivedDataCache/Compressed.ddp not found, will not use a pak cache.
[2018.07.28-08.03.15:060][  0]LogDerivedDataCache: Unable to find inner node CompressedPak for hierarchical cache Hierarchy.
[2018.07.28-08.03.15:077][  0]LogDerivedDataCache: Display: Pak cache opened for reading ../../../Engine/DerivedDataCache/Compressed.ddp.
[2018.07.28-08.03.15:090][  0]LogDerivedDataCache: Using Local data cache path C:/Users/yeshj/AppData/Local/UnrealEngine/Common/DerivedDataCache: Writable
[2018.07.28-08.03.15:090][  0]LogDerivedDataCache: Shared data cache path not found in *engine.ini, will not use an Shared cache.
[2018.07.28-08.03.15:090][  0]LogDerivedDataCache: Unable to find inner node Shared for hierarchical cache Hierarchy.
[2018.07.28-08.03.15:102][  0]LogMaterial: Verifying Global Shaders for PCD3D_SM5
[2018.07.28-08.03.15:103][  0]LogSlate: Using Freetype 2.6.0
[2018.07.28-08.03.15:103][  0]LogSlate: SlateFontCache - WITH_FREETYPE: 1, WITH_HARFBUZZ: 1
[2018.07.28-08.03.15:103][  0]LogSlate: SlateFontCache - WITH_FREETYPE: 1, WITH_HARFBUZZ: 1
[2018.07.28-08.03.15:217][  0]LogAssetRegistry: FAssetRegistry took 0.0265 seconds to start up
[2018.07.28-08.03.15:511][  0]LogInit: Selected Device Profile: [Windows]
[2018.07.28-08.03.15:654][  0]LogSimplygon: Simplygon DLL not present - disabling.
[2018.07.28-08.03.15:656][  0]LogMeshReduction: Using SimplygonSwarm for distributed automatic mesh merging
[2018.07.28-08.03.15:656][  0]LogMeshReduction: Using QuadricMeshReduction for automatic static mesh reduction
[2018.07.28-08.03.15:656][  0]LogMeshReduction: No automatic skeletal mesh reduction module available
[2018.07.28-08.03.15:656][  0]LogMeshReduction: No automatic mesh merging module available
[2018.07.28-08.03.15:656][  0]LogMeshMerging: No automatic mesh merging module available
[2018.07.28-08.03.15:694][  0]LogNetVersion: Elevator_Upgraded , NetCL: 3944462, EngineNetVer: 2, GameNetVer: 0 (Checksum: 4248376583)
[2018.07.28-08.03.16:136][  0]LogPackageLocalizationCache: Processed 9 localized package path(s) for 2 prioritized culture(s) in 0.081233 seconds
[2018.07.28-08.03.16:143][  0]LogUObjectArray: 36728 objects as part of root set at end of initial load.
[2018.07.28-08.03.16:143][  0]LogUObjectAllocator: 7314312 out of 0 bytes used by permanent object pool.
[2018.07.28-08.03.16:143][  0]LogUObjectArray: CloseDisregardForGC: 0/0 objects in disregard for GC pool
[2018.07.28-08.03.17:678][  0]LogTcpMessaging: Initializing TcpMessaging bridge
[2018.07.28-08.03.17:706][  0]LogUdpMessaging: Initializing bridge on interface 0.0.0.0:0 to multicast group 230.0.0.1:6666.
[2018.07.28-08.03.18:045][  0]SourceControl: 소스 콘트롤이 꺼졌습니다.
[2018.07.28-08.03.18:045][  0]SourceControl: 소스 콘트롤이 꺼졌습니다.
[2018.07.28-08.03.18:063][  0]SourceControl: 소스 콘트롤이 꺼졌습니다.
[2018.07.28-08.03.18:080][  0]SourceControl: 소스 콘트롤이 꺼졌습니다.
[2018.07.28-08.03.18:546][  0]LogAndroidPermission: UAndroidPermissionCallbackProxy::GetInstance
[2018.07.28-08.03.18:685][  0]LogOcInput: OculusInput pre-init called
[2018.07.28-08.03.18:790][  0]LogEngine: Initializing Engine...
[2018.07.28-08.03.18:791][  0]LogHMD: Failed to initialize OpenVR with code 110
[2018.07.28-08.03.18:792][  0]LogStats: UGameplayTagsManager::ConstructGameplayTagTree: Construct from data asset -  0.000 s
[2018.07.28-08.03.18:792][  0]LogStats: UGameplayTagsManager::ConstructGameplayTagTree: GameplayTagTreeChangedEvent.Broadcast -  0.000 s
[2018.07.28-08.03.19:057][  0]LogAIModule: Creating AISystem for world Untitled
[2018.07.28-08.03.19:065][  0]LogInit: XAudio2 using '스피커(High Definition Audio 장치)' : 2 channels at 48 kHz using 16 bits per sample (channel mask 0x3)
[2018.07.28-08.03.19:077][  0]LogInit: FAudioDevice initialized.
[2018.07.28-08.03.19:163][  0]LogDerivedDataCache: Saved boot cache 0.09s 80MB C:/Users/yeshj/AppData/Local/UnrealEngine/4.19/DerivedDataCache/Boot.ddc.
[2018.07.28-08.03.19:186][  0]LogInit: Texture streaming: Enabled
[2018.07.28-08.03.19:203][  0]LogEngineSessionManager: EngineSessionManager initialized
[2018.07.28-08.03.19:215][  0]LogInit: Transaction tracking system initialized
[2018.07.28-08.03.19:239][  0]BlueprintLog: New page: 에디터 로드
[2018.07.28-08.03.19:315][  0]LocalizationService: 현지화 서비스가 비활성화되었습니다.
[2018.07.28-08.03.19:429][  0]LogConsoleResponse: Display: 
[2018.07.28-08.03.19:561][  0]LogCook: Display: Max memory allowance for cook 16384mb min free memory 0mb
[2018.07.28-08.03.19:561][  0]LogCook: Display: Mobile HDR setting 1
[2018.07.28-08.03.19:561][  0]LogGameplayTags: Display: UGameplayTagsManager::DoneAddingNativeTags. DelegateIsBound: 0
[2018.07.28-08.03.19:561][  0]LogStats: UGameplayTagsManager::ConstructGameplayTagTree: Construct from data asset -  0.000 s
[2018.07.28-08.03.19:561][  0]LogStats: UGameplayTagsManager::ConstructGameplayTagTree: GameplayTagTreeChangedEvent.Broadcast -  0.000 s
[2018.07.28-08.03.19:911][  0]LogFileCache: Scanning file cache for directory 'C:/Users/yeshj/Desktop/폴더들/Unreal Engine 4 Project/Elevator_Upgraded/Content/' took 0.01s
[2018.07.28-08.03.19:911][  0]SourceControl: 소스 콘트롤이 꺼졌습니다.
[2018.07.28-08.03.19:911][  0]Cmd: MAP LOAD FILE="../../../../../../Users/yeshj/Desktop/폴더들/Unreal Engine 4 Project/Elevator_Upgraded/Content/FirstPersonBP/Maps/FirstPersonExampleMap.umap" TEMPLATE=0 SHOWPROGRESS=1 FEATURELEVEL=3
[2018.07.28-08.03.19:912][  0]LightingResults: New page: 라이팅 빌드
[2018.07.28-08.03.19:915][  0]MapCheck: New page: 맵 체크
[2018.07.28-08.03.19:915][  0]LightingResults: New page: 라이팅 빌드
[2018.07.28-08.03.19:965][  0]LogUObjectGlobals: Created PersistentFrame Addr=0x00000168c15ff100, Size=72, Default__FirstPerson_AnimBP_C Function /Game/FirstPerson/Animations/FirstPerson_AnimBP.FirstPerson_AnimBP_C:ExecuteUbergraph_FirstPerson_AnimBP
[2018.07.28-08.03.19:973][  0]LogUObjectGlobals: Destroyed PersistentFrame Addr=0x00000168c15ff100, Size=72
[2018.07.28-08.03.19:973][  0]LogUObjectGlobals: Created PersistentFrame Addr=0x00000168cde2dd50, Size=72, Default__FirstPerson_AnimBP_C Function /Engine/Transient.REINST_FirstPerson_AnimBP_C_0:ExecuteUbergraph_FirstPerson_AnimBP
[2018.07.28-08.03.19:981][  0]LogUObjectGlobals: Created PersistentFrame Addr=0x00000168cdde2520, Size=72, Default__FirstPerson_AnimBP_C Function /Game/FirstPerson/Animations/FirstPerson_AnimBP.FirstPerson_AnimBP_C:ExecuteUbergraph_FirstPerson_AnimBP
[2018.07.28-08.03.20:003][  0]LogUObjectGlobals: Created PersistentFrame Addr=0x00000168c06d0100, Size=1536, Default__Elevator_C Function /Game/FirstPersonBP/Elevator.Elevator_C:ExecuteUbergraph_Elevator
[2018.07.28-08.03.20:046][  0]LogUObjectGlobals: Destroyed PersistentFrame Addr=0x00000168c06d0100, Size=1536
[2018.07.28-08.03.20:046][  0]LogUObjectGlobals: Created PersistentFrame Addr=0x00000168c1ae5d00, Size=1536, Default__Elevator_C Function /Engine/Transient.REINST_Elevator_C_4:ExecuteUbergraph_Elevator
[2018.07.28-08.03.20:092][  0]LogUObjectGlobals: Created PersistentFrame Addr=0x00000168c1f03900, Size=1536, Default__Elevator_C Function /Game/FirstPersonBP/Elevator.Elevator_C:ExecuteUbergraph_Elevator
[2018.07.28-08.03.20:147][  0]LogUObjectGlobals: Created PersistentFrame Addr=0x00000168c1feb100, Size=664, Default__FirstPersonCharacter_C Function /Game/FirstPersonBP/Blueprints/FirstPersonCharacter.FirstPersonCharacter_C:ExecuteUbergraph_FirstPersonCharacter
[2018.07.28-08.03.20:155][  0]LogUObjectGlobals: Destroyed PersistentFrame Addr=0x00000168c1feb100, Size=664
[2018.07.28-08.03.20:155][  0]LogUObjectGlobals: Created PersistentFrame Addr=0x00000168c1feb100, Size=664, Default__FirstPersonCharacter_C Function /Engine/Transient.REINST_FirstPersonCharacter_C_6:ExecuteUbergraph_FirstPersonCharacter
[2018.07.28-08.03.20:162][  0]LogUObjectGlobals: Created PersistentFrame Addr=0x00000168c51af700, Size=664, Default__FirstPersonCharacter_C Function /Game/FirstPersonBP/Blueprints/FirstPersonCharacter.FirstPersonCharacter_C:ExecuteUbergraph_FirstPersonCharacter
[2018.07.28-08.03.20:231][  0]LogUObjectGlobals: Created PersistentFrame Addr=0x00000168c1f16588, Size=56, Default__FirstPersonHUD_C Function /Game/FirstPersonBP/Blueprints/FirstPersonHUD.FirstPersonHUD_C:ExecuteUbergraph_FirstPersonHUD
[2018.07.28-08.03.20:234][  0]LogUObjectGlobals: Destroyed PersistentFrame Addr=0x00000168c1f16588, Size=56
[2018.07.28-08.03.20:234][  0]LogUObjectGlobals: Created PersistentFrame Addr=0x00000168c1f16588, Size=56, Default__FirstPersonHUD_C Function /Engine/Transient.REINST_FirstPersonHUD_C_10:ExecuteUbergraph_FirstPersonHUD
[2018.07.28-08.03.20:235][  0]LogUObjectGlobals: Created PersistentFrame Addr=0x00000168c1f14c60, Size=56, Default__FirstPersonHUD_C Function /Game/FirstPersonBP/Blueprints/FirstPersonHUD.FirstPersonHUD_C:ExecuteUbergraph_FirstPersonHUD
[2018.07.28-08.03.20:476][  0]LogSkeletalMesh: Skeletal Mesh found in DDC [3.370817ms] /Game/FirstPerson/FPWeapon/Mesh/SK_FPGun.SK_FPGun
[2018.07.28-08.03.20:489][  0]LogSkeletalMesh: Skeletal Mesh found in DDC [5.130560ms] /Game/FirstPerson/Character/Mesh/SK_Mannequin_Arms.SK_Mannequin_Arms
[2018.07.28-08.03.20:696][  0]LogAIModule: Creating AISystem for world FirstPersonExampleMap
[2018.07.28-08.03.32:204][  0]LogEditorServer: Finished looking for orphan Actors (0.000 secs)
[2018.07.28-08.03.32:371][  0]LogUObjectGlobals: Destroyed PersistentFrame Addr=0x00000168cde2dd50, Size=72
[2018.07.28-08.03.32:371][  0]LogUObjectGlobals: Destroyed PersistentFrame Addr=0x00000168c1ae5d00, Size=1536
[2018.07.28-08.03.32:371][  0]LogUObjectGlobals: Destroyed PersistentFrame Addr=0x00000168c1feb100, Size=664
[2018.07.28-08.03.32:371][  0]LogUObjectGlobals: Destroyed PersistentFrame Addr=0x00000168c1f16588, Size=56
[2018.07.28-08.03.32:377][  0]Cmd: MAP CHECKDEP NOCLEARLOG
[2018.07.28-08.03.32:443][  0]MapCheck: 맵 체크 완료: 오류 0 회, 경고 0 회, 소요 시간 66.008ms.
[2018.07.28-08.03.32:444][  0]LogFileHelpers: Loading map 'FirstPersonExampleMap' took 12.532
[2018.07.28-08.03.32:595][  0]LogCollectionManager: Loaded 0 collections in 0.002384 seconds
[2018.07.28-08.03.32:645][  0]LogFileCache: Scanning file cache for directory 'C:/Users/yeshj/Desktop/폴더들/Unreal Engine 4 Project/Elevator_Upgraded/Saved/Collections/' took 0.01s
[2018.07.28-08.03.32:645][  0]LogFileCache: Scanning file cache for directory 'C:/Users/yeshj/Desktop/폴더들/Unreal Engine 4 Project/Elevator_Upgraded/Content/Developers/yeshj/Collections/' took 0.01s
[2018.07.28-08.03.32:645][  0]LogFileCache: Scanning file cache for directory 'C:/Users/yeshj/Desktop/폴더들/Unreal Engine 4 Project/Elevator_Upgraded/Content/Collections/' took 0.01s
[2018.07.28-08.03.32:645][  0]LogCollectionManager: Rebuilt the GUID cache for 0 collections in 0.000000 seconds
[2018.07.28-08.03.32:654][  0]LogContentBrowser: Native class hierarchy populated in 0.0088 seconds. Added 2452 classes and 558 folders.
[2018.07.28-08.03.32:664][  0]LogContentBrowser: Native class hierarchy updated for 'WidgetCarousel' in 0.0004 seconds. Added 0 classes and 0 folders.
[2018.07.28-08.03.32:720][  0]LogContentBrowser: Native class hierarchy updated for 'AddContentDialog' in 0.0003 seconds. Added 0 classes and 0 folders.
[2018.07.28-08.03.32:727][  0]LogContentBrowser: Native class hierarchy updated for 'SceneOutliner' in 0.0003 seconds. Added 1 classes and 2 folders.
[2018.07.28-08.03.32:746][  0]LogSlate: Took 0.000170 seconds to synchronously load lazily loaded font '../../../Engine/Content/Slate/Fonts/Roboto-Regular.ttf' (155K)
[2018.07.28-08.03.32:750][  0]LogSlate: Took 0.002901 seconds to synchronously load lazily loaded font '../../../Engine/Content/Editor/Slate/Fonts/NanumGothic.ttf' (4243K)
[2018.07.28-08.03.32:754][  0]LogSlate: Took 0.002972 seconds to synchronously load lazily loaded font '../../../Engine/Content/Editor/Slate/Fonts/NanumGothicBold.ttf' (4188K)
[2018.07.28-08.03.32:754][  0]LogSlate: Took 0.000209 seconds to synchronously load lazily loaded font '../../../Engine/Content/Slate/Fonts/Roboto-Bold.ttf' (160K)
[2018.07.28-08.03.32:759][  0]LogSlate: Took 0.000246 seconds to synchronously load lazily loaded font '../../../Engine/Content/Editor/Slate/Fonts/FontAwesome.ttf' (139K)
[2018.07.28-08.03.32:864][  0]LogRenderer: Reallocating scene render targets to support 1276x724 Format 10 NumSamples 1 (Frame:1).
[2018.07.28-08.03.33:074][  0]LogContentBrowser: Native class hierarchy updated for 'HierarchicalLODOutliner' in 0.0003 seconds. Added 0 classes and 0 folders.
[2018.07.28-08.03.33:074][  0]LogLoad: (Engine Initialization) Total time: 22.48 seconds
[2018.07.28-08.03.33:074][  0]LogLoad: (Engine Initialization) Total Blueprint compile time: 0.00 seconds
[2018.07.28-08.03.33:439][  0]LogContentStreaming: Texture pool size now 1000 MB
[2018.07.28-08.03.33:486][  0]LogSlate: Took 0.000305 seconds to synchronously load lazily loaded font '../../../Engine/Content/Slate/Fonts/Roboto-Light.ttf' (167K)
[2018.07.28-08.03.33:786][  1]LogAssetRegistry: Asset discovery search completed in 18.5918 seconds
[2018.07.28-08.03.33:788][  1]LogCollectionManager: Rebuilt the object cache for 0 collections in 0.000001 seconds (found 0 objects)
[2018.07.28-08.03.33:788][  1]LogCollectionManager: Fixed up redirectors for 0 collections in 0.000063 seconds (updated 0 objects)
[2018.07.28-08.03.34:418][  3]LogSlate: Took 0.000908 seconds to synchronously load lazily loaded font '../../../Engine/Content/Slate/Fonts/Roboto-Light.ttf' (167K)
[2018.07.28-08.04.12:061][258]LogSlate: FSceneViewport::OnFocusLost() reason 0
[2018.07.28-08.04.12:424][267]LogContentBrowser: Native class hierarchy updated for 'BlueprintGraph' in 0.0006 seconds. Added 116 classes and 0 folders.
[2018.07.28-08.04.12:684][267]LogUObjectGlobals: Created PersistentFrame Addr=0x0000016902b39b88, Size=4, Default__SKEL_PROTO_BP_AnimBlueprint_0_C Function /Engine/Transient.SKEL_PROTO_BP_AnimBlueprint_0_C:ExecuteUbergraph_PROTO_BP_AnimBlueprint_0
[2018.07.28-08.04.12:684][267]LogUObjectGlobals: Created PersistentFrame Addr=0x0000016902b39b50, Size=4, Default__PROTO_BP_AnimBlueprint_0_C Function /Engine/Transient.PROTO_BP_AnimBlueprint_0_C:ExecuteUbergraph_PROTO_BP_AnimBlueprint_0
[2018.07.28-08.04.13:069][267]LogSlate: Took 0.000248 seconds to synchronously load lazily loaded font '../../../Engine/Content/Slate/Fonts/Roboto-BoldCondensed.ttf' (158K)
[2018.07.28-08.04.13:512][268]LogSlate: Took 0.000296 seconds to synchronously load lazily loaded font '../../../Engine/Content/Slate/Fonts/Roboto-Italic.ttf' (157K)
[2018.07.28-08.04.13:516][268]LogSlate: Took 0.002114 seconds to synchronously load lazily loaded font '../../../Engine/Content/Slate/Fonts/DroidSansFallback.ttf' (3848K)
[2018.07.28-08.04.44:937][503]LogRenderer: Reallocating scene render targets to support 1276x940 Format 10 NumSamples 1 (Frame:1).
[2018.07.28-08.04.49:401][894]LogSlate: FSceneViewport::OnFocusLost() reason 0
[2018.07.28-08.04.50:313][978]LogSlate: Window 'Elevator' being destroyed
[2018.07.28-08.04.50:672][ 21]LogSlate: FSceneViewport::OnFocusLost() reason 0
[2018.07.28-08.05.01:435][939]LogSlate: FSceneViewport::OnFocusLost() reason 0
[2018.07.28-08.06.04:789][702]LogSlate: FSceneViewport::OnFocusLost() reason 0
[2018.07.28-08.06.31:690][425]LogUObjectGlobals: Created PersistentFrame Addr=0x000001691089d4e8, Size=4, Default__SKEL_Elevator_C Function /Game/FirstPersonBP/Elevator.SKEL_Elevator_C:ExecuteUbergraph_Elevator
[2018.07.28-08.07.01:431][708]LogUObjectGlobals: Destroyed PersistentFrame Addr=0x000001691089d4e8, Size=4
[2018.07.28-08.07.01:431][708]LogUObjectGlobals: Created PersistentFrame Addr=0x000001690cead928, Size=4, Default__SKEL_Elevator_C Function /Engine/Transient.REINST_SKEL_Elevator_C_28:ExecuteUbergraph_Elevator
[2018.07.28-08.07.01:443][708]LogUObjectGlobals: Created PersistentFrame Addr=0x000001690ceaf3b8, Size=4, Default__SKEL_Elevator_C Function /Game/FirstPersonBP/Elevator.SKEL_Elevator_C:ExecuteUbergraph_Elevator
[2018.07.28-08.07.14:974][752]LogSlate: Took 0.000236 seconds to synchronously load lazily loaded font '../../../Engine/Content/Slate/Fonts/Roboto-BoldCondensedItalic.ttf' (160K)
[2018.07.28-08.07.20:466][142]LogUObjectGlobals: Destroyed PersistentFrame Addr=0x000001690ceaf3b8, Size=4
[2018.07.28-08.07.20:466][142]LogUObjectGlobals: Created PersistentFrame Addr=0x000001688484be88, Size=4, Default__SKEL_Elevator_C Function /Engine/Transient.REINST_SKEL_Elevator_C_30:ExecuteUbergraph_Elevator
[2018.07.28-08.07.20:478][142]LogUObjectGlobals: Created PersistentFrame Addr=0x0000016905c37498, Size=4, Default__SKEL_Elevator_C Function /Game/FirstPersonBP/Elevator.SKEL_Elevator_C:ExecuteUbergraph_Elevator
[2018.07.28-08.07.34:910][314]LogUObjectGlobals: Destroyed PersistentFrame Addr=0x0000016905c37498, Size=4
[2018.07.28-08.07.34:910][314]LogUObjectGlobals: Created PersistentFrame Addr=0x000001690722c570, Size=4, Default__SKEL_Elevator_C Function /Engine/Transient.REINST_SKEL_Elevator_C_32:ExecuteUbergraph_Elevator
[2018.07.28-08.07.34:922][314]LogUObjectGlobals: Created PersistentFrame Addr=0x000001690722ee30, Size=4, Default__SKEL_Elevator_C Function /Game/FirstPersonBP/Elevator.SKEL_Elevator_C:ExecuteUbergraph_Elevator
[2018.07.28-08.07.49:786][525]LogUObjectGlobals: Destroyed PersistentFrame Addr=0x000001690722ee30, Size=4
[2018.07.28-08.07.49:786][525]LogUObjectGlobals: Created PersistentFrame Addr=0x00000168874b2cf0, Size=4, Default__SKEL_Elevator_C Function /Engine/Transient.REINST_SKEL_Elevator_C_34:ExecuteUbergraph_Elevator
[2018.07.28-08.07.49:798][525]LogUObjectGlobals: Created PersistentFrame Addr=0x000001690fbdadc0, Size=4, Default__SKEL_Elevator_C Function /Game/FirstPersonBP/Elevator.SKEL_Elevator_C:ExecuteUbergraph_Elevator
[2018.07.28-08.08.17:883][389]LogUObjectGlobals: Destroyed PersistentFrame Addr=0x000001690fbdadc0, Size=4
[2018.07.28-08.08.17:883][389]LogUObjectGlobals: Created PersistentFrame Addr=0x00000168c9013838, Size=4, Default__SKEL_Elevator_C Function /Engine/Transient.REINST_SKEL_Elevator_C_36:ExecuteUbergraph_Elevator
[2018.07.28-08.08.17:895][389]LogUObjectGlobals: Created PersistentFrame Addr=0x000001690722c0a0, Size=4, Default__SKEL_Elevator_C Function /Game/FirstPersonBP/Elevator.SKEL_Elevator_C:ExecuteUbergraph_Elevator
[2018.07.28-08.09.55:036][356]LogSlate: Window '색 선택기' being destroyed
[2018.07.28-08.13.13:000][611]BlueprintLog: New page: Elevator 컴파일
[2018.07.28-08.13.13:086][611]LogUObjectGlobals: Destroyed PersistentFrame Addr=0x000001690722c0a0, Size=4
[2018.07.28-08.13.13:086][611]LogUObjectGlobals: Created PersistentFrame Addr=0x000001690d162ba0, Size=4, Default__SKEL_Elevator_C Function /Engine/Transient.REINST_SKEL_Elevator_C_38:ExecuteUbergraph_Elevator
[2018.07.28-08.13.13:177][611]LogUObjectGlobals: Destroyed PersistentFrame Addr=0x00000168c1f03900, Size=1536
[2018.07.28-08.13.13:177][611]LogUObjectGlobals: Created PersistentFrame Addr=0x0000016934c1a400, Size=1536, Default__Elevator_C Function /Engine/Transient.REINST_Elevator_C_42:ExecuteUbergraph_Elevator
[2018.07.28-08.13.13:217][611]LogUObjectGlobals: Created PersistentFrame Addr=0x000001690d52c100, Size=1456, Default__Elevator_C Function /Game/FirstPersonBP/Elevator.Elevator_C:ExecuteUbergraph_Elevator
[2018.07.28-08.13.16:460][611]LogUObjectGlobals: Destroyed PersistentFrame Addr=0x000001690cead928, Size=4
[2018.07.28-08.13.16:461][611]LogUObjectGlobals: Destroyed PersistentFrame Addr=0x000001688484be88, Size=4
[2018.07.28-08.13.16:462][611]LogUObjectGlobals: Destroyed PersistentFrame Addr=0x000001690722c570, Size=4
[2018.07.28-08.13.16:463][611]LogUObjectGlobals: Destroyed PersistentFrame Addr=0x00000168874b2cf0, Size=4
[2018.07.28-08.13.16:464][611]LogUObjectGlobals: Destroyed PersistentFrame Addr=0x00000168c9013838, Size=4
[2018.07.28-08.13.16:466][611]LogUObjectGlobals: Destroyed PersistentFrame Addr=0x000001690d162ba0, Size=4
